2025-08-28 02:02:06,069 [ERROR] Error downloading run list: HTTPSConnectionPool(host='nomads.ncep.noaa.gov', port=443): Max retries exceeded with url: /cgi-bin/filter_gfswave.pl?dir=%2Fgfs.20250828 (Caused by ResponseError('too many 500 error responses'))
2025-08-28 02:02:06,072 [WARNING] No runs found for today, checking yesterday...
2025-08-28 02:09:35,447 [ERROR] Error downloading run list: HTTPSConnectionPool(host='nomads.ncep.noaa.gov', port=443): Max retries exceeded with url: /cgi-bin/filter_gfswave.pl?dir=%2Fgfs.20250828 (Caused by ResponseError('too many 500 error responses'))
2025-08-28 02:09:35,449 [WARNING] No runs found for today, checking yesterday...
2025-08-28 02:10:18,130 [ERROR] Error downloading run list: HTTPSConnectionPool(host='nomads.ncep.noaa.gov', port=443): Max retries exceeded with url: /cgi-bin/filter_gfswave.pl?dir=%2Fgfs.20250828 (Caused by ResponseError('too many 500 error responses'))
2025-08-28 02:10:18,132 [WARNING] No runs found for today, checking yesterday...
2025-08-28 02:17:32,583 [ERROR] Client version 1.1.1 is not compatible with current backend service. Please update to the latest client version.
2025-08-28 02:17:32,584 [ERROR] Client version 1.1.1 is not compatible with current backend service. Please update to the latest client version.
2025-08-28 02:17:32,584 [ERROR] Client version 1.1.1 is not compatible with current backend service. Please update to the latest client version.
2025-08-28 02:17:32,584 [ERROR] ❌ Step 2 failed after 62.2 seconds: [Errno 13] Permission denied: '/.copernicusmarine'
2025-08-28 02:17:32,584 [ERROR] Continuing with remaining steps...
2025-08-28 02:18:13,697 [ERROR] Client version 1.1.1 is not compatible with current backend service. Please update to the latest client version.
2025-08-28 02:18:13,698 [ERROR] Client version 1.1.1 is not compatible with current backend service. Please update to the latest client version.
2025-08-28 02:18:13,698 [ERROR] Client version 1.1.1 is not compatible with current backend service. Please update to the latest client version.
2025-08-28 02:18:13,698 [ERROR] ❌ Step 2 failed after 62.4 seconds: [Errno 13] Permission denied: '/.copernicusmarine'
2025-08-28 02:18:13,699 [ERROR] Continuing with remaining steps...
2025-08-28 02:41:10,853 [ERROR] ❌ Step 7 failed after 0.5 seconds: Did not read any bytes
2025-08-28 02:41:10,853 [ERROR] Continuing with remaining steps...
2025-08-28 02:41:10,870 [ERROR] ❌ Step 8 failed after 0.0 seconds: Step 8 requires valid output.mat: output.mat validation failed: Did not read any bytes
2025-08-28 02:41:10,870 [ERROR] Continuing with remaining steps...
2025-08-28 02:41:10,885 [ERROR] ❌ Step 9 failed after 0.0 seconds: Step 9 requires valid output.mat: output.mat validation failed: Did not read any bytes
2025-08-28 02:41:10,886 [ERROR] Continuing with remaining steps...
2025-08-28 02:51:23,917 [ERROR] Failed steps: [2, 7, 8, 9]
2025-08-28 02:53:24,252 [ERROR] Failed steps: [2]
2025-08-28 05:01:24,732 [ERROR] Client version 1.1.1 is not compatible with current backend service. Please update to the latest client version.
2025-08-28 05:01:24,733 [ERROR] Client version 1.1.1 is not compatible with current backend service. Please update to the latest client version.
2025-08-28 05:01:24,733 [ERROR] Client version 1.1.1 is not compatible with current backend service. Please update to the latest client version.
2025-08-28 05:01:24,733 [ERROR] ❌ Step 2 failed after 63.0 seconds: [Errno 13] Permission denied: '/.copernicusmarine'
2025-08-28 05:01:24,734 [ERROR] Continuing with remaining steps...
2025-08-28 06:55:29,444 [ERROR] Failed steps: [2]
